<?xml version="1.0" encoding="UTF-8"?>
<!-- Generated by org.testng.reporters.JUnitReportReporter -->
<testsuite skipped="0" hostname="DESKTOP-0MPBAPB" name="com.crm.qa.testcases.HomePageTest" tests="2" failures="0" timestamp="25 Mar 2020 18:47:30 GMT" time="13.481" errors="0">
  <testcase name="VerifyHomePageLabekDisplayed" time="6.688" classname="com.crm.qa.testcases.HomePageTest"/>
  <testcase name="verifyContactsLink" time="6.793" classname="com.crm.qa.testcases.HomePageTest"/>
</testsuite> <!-- com.crm.qa.testcases.HomePageTest -->
