<?xml version="1.0" encoding="UTF-8"?>
<!-- Generated by org.testng.reporters.JUnitReportReporter -->
<testsuite skipped="0" hostname="DESKTOP-0MPBAPB" name="com.crm.qa.testcases.HomePageTest" tests="2" failures="0" timestamp="25 Mar 2020 03:22:03 GMT" time="13.824" errors="0">
  <testcase name="VerifyHomePageLabekDisplayed" time="6.887" classname="com.crm.qa.testcases.HomePageTest"/>
  <testcase name="verifyContactsLink" time="6.937" classname="com.crm.qa.testcases.HomePageTest"/>
</testsuite> <!-- com.crm.qa.testcases.HomePageTest -->
