<?xml version="1.0" encoding="UTF-8"?>
<!-- Generated by org.testng.reporters.JUnitReportReporter -->
<testsuite skipped="0" hostname="DESKTOP-0MPBAPB" name="com.crm.qa.testcases.LoginPageTest" tests="2" failures="0" timestamp="25 Mar 2020 18:47:30 GMT" time="15.485" errors="0">
  <testcase name="loginPageTitleTest" time="5.886" classname="com.crm.qa.testcases.LoginPageTest"/>
  <testcase name="loginTest" time="9.599" classname="com.crm.qa.testcases.LoginPageTest"/>
</testsuite> <!-- com.crm.qa.testcases.LoginPageTest -->
