<?xml version="1.0" encoding="UTF-8"?>
<!-- Generated by org.testng.reporters.JUnitReportReporter -->
<testsuite skipped="0" hostname="DESKTOP-0MPBAPB" name="com.crm.qa.testcases.ContactsPageTest" tests="1" failures="0" timestamp="25 Mar 2020 00:21:38 GMT" time="17.788" errors="0">
  <testcase name="selectContactsTest" time="17.788" classname="com.crm.qa.testcases.ContactsPageTest"/>
</testsuite> <!-- com.crm.qa.testcases.ContactsPageTest -->
