<?xml version="1.0" encoding="UTF-8"?>
<!-- Generated by org.testng.reporters.JUnitReportReporter -->
<testsuite skipped="0" hostname="DESKTOP-0MPBAPB" name="com.crm.qa.testcases.LoginPageTest" tests="2" failures="0" timestamp="25 Mar 2020 03:22:03 GMT" time="17.301" errors="0">
  <testcase name="loginPageTitleTest" time="5.189" classname="com.crm.qa.testcases.LoginPageTest"/>
  <testcase name="loginTest" time="12.112" classname="com.crm.qa.testcases.LoginPageTest"/>
</testsuite> <!-- com.crm.qa.testcases.LoginPageTest -->
