<?xml version="1.0" encoding="UTF-8"?>
<!-- Generated by org.testng.reporters.JUnitReportReporter -->
<testsuite skipped="0" hostname="DESKTOP-0MPBAPB" name="com.crm.qa.testcases.ContactsPageTest" tests="3" failures="0" timestamp="25 Mar 2020 23:55:09 GMT" time="51.658" errors="0">
  <testcase name="validateCreateNewContact" time="16.247" classname="com.crm.qa.testcases.ContactsPageTest"/>
  <testcase name="validateCreateNewContact" time="17.474" classname="com.crm.qa.testcases.ContactsPageTest"/>
  <testcase name="validateCreateNewContact" time="17.937" classname="com.crm.qa.testcases.ContactsPageTest"/>
</testsuite> <!-- com.crm.qa.testcases.ContactsPageTest -->
